0 info it worked if it ends with ok
1 verbose cli [
1 verbose cli   'C:\\Program Files\\nodejs\\node.exe',
1 verbose cli   'C:\\Users\\79154\\AppData\\Roaming\\npm\\node_modules\\npm\\bin\\npm-cli.js',
1 verbose cli   'i',
1 verbose cli   '-g',
1 verbose cli   'npm-upgrade'
1 verbose cli ]
2 info using npm@3.10.10
3 info using node@v16.17.1
4 silly loadCurrentTree Starting
5 silly install loadCurrentTree
6 silly install readGlobalPackageData
7 silly fetchPackageMetaData npm-upgrade
8 silly fetchNamedPackageData npm-upgrade
9 silly mapToRegistry name npm-upgrade
10 silly mapToRegistry using default registry
11 silly mapToRegistry registry https://registry.npmjs.org/
12 silly mapToRegistry data Result {
12 silly mapToRegistry   raw: 'npm-upgrade',
12 silly mapToRegistry   scope: null,
12 silly mapToRegistry   escapedName: 'npm-upgrade',
12 silly mapToRegistry   name: 'npm-upgrade',
12 silly mapToRegistry   rawSpec: '',
12 silly mapToRegistry   spec: 'latest',
12 silly mapToRegistry   type: 'tag'
12 silly mapToRegistry }
13 silly mapToRegistry uri https://registry.npmjs.org/npm-upgrade
14 verbose get https://registry.npmjs.org/npm-upgrade not expired, no request
15 verbose stack TypeError: cb.apply is not a function
15 verbose stack     at C:\Users\79154\AppData\Roaming\npm\node_modules\npm\node_modules\graceful-fs\polyfills.js:267:18
15 verbose stack     at FSReqCallback.oncomplete (node:fs:207:5)
16 verbose cwd C:\Users\79154\Desktop\LOFT School\learning_gulp
17 error Windows_NT 10.0.19044
18 error argv "C:\\Program Files\\nodejs\\node.exe" "C:\\Users\\79154\\AppData\\Roaming\\npm\\node_modules\\npm\\bin\\npm-cli.js" "i" "-g" "npm-upgrade"
19 error node v16.17.1
20 error npm  v3.10.10
21 error cb.apply is not a function
22 error If you need help, you may report this error at:
22 error     <https://github.com/npm/npm/issues>
23 verbose exit [ 1, true ]
